ERC report (2026-04-11T20:00:54+0200, Encoding UTF8)
Report includes: Errors, Warnings

***** Sheet /
[label_dangling]: Label not connected to anything
    ; error
    @(17.78 mm, 63.50 mm): Label 'CV_IN'
[label_dangling]: Label not connected to anything
    ; error
    @(17.78 mm, 71.12 mm): Label 'COARSE_TUNE'
[label_dangling]: Label not connected to anything
    ; error
    @(17.78 mm, 78.74 mm): Label 'FINE_TUNE'
[label_dangling]: Label not connected to anything
    ; error
    @(175.26 mm, 86.36 mm): Label 'SYNC_IN'
[label_dangling]: Label not connected to anything
    ; error
    @(187.96 mm, 127.00 mm): Label 'THRESHOLD_NODE'
[label_dangling]: Label not connected to anything
    ; error
    @(187.96 mm, 137.16 mm): Label 'PULSE_OUT'
[label_dangling]: Label not connected to anything
    ; error
    @(223.52 mm, 68.58 mm): Label 'THRESHOLD_NODE'
[label_dangling]: Label not connected to anything
    ; error
    @(223.52 mm, 93.98 mm): Label 'PULSE_OUT'
[label_dangling]: Label not connected to anything
    ; error
    @(22.86 mm, 60.96 mm): Hierarchical Label 'CV_IN'
[label_dangling]: Label not connected to anything
    ; error
    @(22.86 mm, 71.12 mm): Hierarchical Label 'COARSE_TUNE'
[label_dangling]: Label not connected to anything
    ; error
    @(22.86 mm, 81.28 mm): Hierarchical Label 'FINE_TUNE'
[label_dangling]: Label not connected to anything
    ; error
    @(177.80 mm, 58.42 mm): Hierarchical Label 'THRESHOLD_NODE'
[label_dangling]: Label not connected to anything
    ; error
    @(177.80 mm, 78.74 mm): Hierarchical Label 'PULSE_OUT'
[label_dangling]: Label not connected to anything
    ; error
    @(15.24 mm, 82.55 mm): Hierarchical Label 'SYNC_IN'
[label_dangling]: Label not connected to anything
    ; error
    @(190.50 mm, 63.50 mm): Hierarchical Label 'THRESHOLD_NODE'
[label_dangling]: Label not connected to anything
    ; error
    @(190.50 mm, 96.52 mm): Hierarchical Label 'PULSE_OUT'
[unconnected_wire_endpoint]: Unconnected wire endpoint
    ; warning
    @(73.66 mm, 127.00 mm): Horizontal Wire, length 7.62 mm
[unconnected_wire_endpoint]: Unconnected wire endpoint
    ; warning
    @(73.66 mm, 132.08 mm): Horizontal Wire, length 7.62 mm
[unconnected_wire_endpoint]: Unconnected wire endpoint
    ; warning
    @(73.66 mm, 137.16 mm): Horizontal Wire, length 7.62 mm
[lib_symbol_mismatch]: Symbol 'R' doesn't match copy in library 'Device'
    ; warning
    @(48.26 mm, 60.96 mm): Symbol R40 [R]
[lib_symbol_mismatch]: Symbol 'R' doesn't match copy in library 'Device'
    ; warning
    @(63.50 mm, 71.12 mm): Symbol R41 [R]
[lib_symbol_mismatch]: Symbol 'R' doesn't match copy in library 'Device'
    ; warning
    @(78.74 mm, 81.28 mm): Symbol R42 [R]
[lib_symbol_mismatch]: Symbol 'R' doesn't match copy in library 'Device'
    ; warning
    @(109.22 mm, 86.36 mm): Symbol R43 [R]
[lib_symbol_mismatch]: Symbol 'C' doesn't match copy in library 'Device'
    ; warning
    @(60.96 mm, 63.50 mm): Symbol C30 [C]
[lib_symbol_mismatch]: Symbol 'C' doesn't match copy in library 'Device'
    ; warning
    @(73.66 mm, 71.12 mm): Symbol C31 [C]
[lib_symbol_mismatch]: Symbol 'R' doesn't match copy in library 'Device'
    ; warning
    @(88.90 mm, 54.61 mm): Symbol R30 [R]
[lib_symbol_mismatch]: Symbol 'R' doesn't match copy in library 'Device'
    ; warning
    @(104.14 mm, 67.31 mm): Symbol R31 [R]
[lib_symbol_mismatch]: Symbol 'C' doesn't match copy in library 'Device'
    ; warning
    @(119.38 mm, 67.31 mm): Symbol C32 [C]

***** Sheet /input_tune/

***** Sheet /expo_converter/

***** Sheet /current_integrator/

***** Sheet /threshold_comparator/
[pin_not_connected]: Pin not connected
    ; error
    @(88.90 mm, 68.58 mm): Symbol U1 Pin 2 [+, Input, Line]
[pin_not_driven]: Input pin not driven by any Output pins
    ; error
    @(88.90 mm, 68.58 mm): Symbol U1 Pin 2 [+, Input, Line]
[power_pin_not_driven]: Input Power pin not driven by any Output Power pins
    ; error
    @(93.98 mm, 63.50 mm): Symbol U1 Pin 8 [V+, Power input, Line]
[power_pin_not_driven]: Input Power pin not driven by any Output Power pins
    ; error
    @(93.98 mm, 78.74 mm): Symbol U1 Pin 4 [V-, Power input, Line]
[pin_not_connected]: Pin not connected
    ; error
    @(151.13 mm, 82.55 mm): Symbol R12 Pin 1 [Passive, Line]
[pin_not_connected]: Pin not connected
    ; error
    @(158.75 mm, 82.55 mm): Symbol R12 Pin 2 [Passive, Line]
[pin_not_connected]: Pin not connected
    ; error
    @(177.80 mm, 63.50 mm): Symbol TP1 Pin 1 [1, Passive, Line]
[pin_not_connected]: Pin not connected
    ; error
    @(166.37 mm, 90.17 mm): Symbol R14 Pin 1 [Passive, Line]
[pin_not_connected]: Pin not connected
    ; error
    @(177.80 mm, 78.74 mm): Symbol TP2 Pin 1 [1, Passive, Line]

***** Sheet /reset_output/

***** Sheet /power_reference/

***** Sheet /trim_test/

 ** ERC messages: 37  Errors 25  Warnings 12
