ERC report (2026-04-11T18:43:18+0200, Encoding UTF8)
Report includes: Errors, Warnings

***** Sheet /
[label_dangling]: Label not connected to anything
    ; error
    @(22.86 mm, 63.50 mm): Hierarchical Label 'EXPO_OUT'
[pin_not_connected]: Hierarchical label "EXPO_OUT" in root sheet cannot be connected to non-existent parent sheet
    ; error
    @(22.86 mm, 63.50 mm): Hierarchical Label 'EXPO_OUT'
[pin_not_connected]: Hierarchical label "AGND" in root sheet cannot be connected to non-existent parent sheet
    ; error
    @(22.86 mm, 71.12 mm): Hierarchical Label 'AGND'
[label_dangling]: Label not connected to anything
    ; error
    @(22.86 mm, 81.28 mm): Hierarchical Label 'RESET_CTRL'
[pin_not_connected]: Hierarchical label "RESET_CTRL" in root sheet cannot be connected to non-existent parent sheet
    ; error
    @(22.86 mm, 81.28 mm): Hierarchical Label 'RESET_CTRL'
[pin_not_connected]: Hierarchical label "RAMP_NODE" in root sheet cannot be connected to non-existent parent sheet
    ; error
    @(177.80 mm, 63.50 mm): Hierarchical Label 'RAMP_NODE'

 ** ERC messages: 6  Errors 6  Warnings 0
